Using pre-set license
Built from '2020.3/staging' branch; Version is '2020.3.10f1 (297d780c91bc) revision 2719096'; Using compiler version '192528614'; Build Type 'Release'
OS: 'Windows 10 Home; OS build 19042.1052; Version 2009; 64bit' Language: 'nl' Physical Memory: 16150 MB
BatchMode: 1, IsHumanControllingUs: 0, StartBugReporterOnCrash: 0, Is64bit: 1, IsPro: 0

 COMMAND LINE ARGUMENTS:
C:\Program Files\Unity\Hub\Editor\2020.3.6f1\Editor\Unity.exe
-adb2
-batchMode
-noUpm
-name
AssetImportWorker0
-projectPath
C:/Users/marti/OneDrive/Documenten/GitHub/MoneyMovesGame/Shop Game
-logFile
Logs/AssetImportWorker0.log
-srvPort
50115
Successfully changed project path to: C:/Users/marti/OneDrive/Documenten/GitHub/MoneyMovesGame/Shop Game
C:/Users/marti/OneDrive/Documenten/GitHub/MoneyMovesGame/Shop Game
Using Asset Import Pipeline V2.
Refreshing native plugins compatible for Editor in 36.26 ms, found 2 plugins.
Preloading 0 native plugins for Editor in 0.00 ms.
Initialize engine version: 2020.3.10f1 (297d780c91bc)
[Subsystems] Discovering subsystems at path C:/Program Files/Unity/Hub/Editor/2020.3.6f1/Editor/Data/Resources/UnitySubsystems
[Subsystems] Discovering subsystems at path C:/Users/marti/OneDrive/Documenten/GitHub/MoneyMovesGame/Shop Game/Assets
GfxDevice: creating device client; threaded=0
Direct3D:
    Version:  Direct3D 11.0 [level 11.1]
    Renderer: NVIDIA GeForce RTX 2060 (ID=0x1f15)
    Vendor:   
    VRAM:     5980 MB
    Driver:   27.21.14.6230
Initialize mono
Mono path[0] = 'C:/Program Files/Unity/Hub/Editor/2020.3.6f1/Editor/Data/Managed'
Mono path[1] = 'C:/Program Files/Unity/Hub/Editor/2020.3.6f1/Editor/Data/MonoBleedingEdge/lib/mono/unityjit'
Mono config path = 'C:/Program Files/Unity/Hub/Editor/2020.3.6f1/Editor/Data/MonoBleedingEdge/etc'
Using monoOptions --debugger-agent=transport=dt_socket,embedding=1,server=y,suspend=n,address=127.0.0.1:56276
Begin MonoManager ReloadAssembly
Registering precompiled unity dll's ...
Register platform support module: C:/Program Files/Unity/Hub/Editor/2020.3.6f1/Editor/Data/PlaybackEngines/WindowsStandaloneSupport/UnityEditor.WindowsStandalone.Extensions.dll
Registered in 0.001955 seconds.
Native extension for WindowsStandalone target not found
Refreshing native plugins compatible for Editor in 27.73 ms, found 2 plugins.
Preloading 0 native plugins for Editor in 0.00 ms.
Mono: successfully reloaded assembly
- Completed reload, in  1.131 seconds
Platform modules already initialized, skipping
Registering precompiled user dll's ...
Registered in 0.005528 seconds.
Begin MonoManager ReloadAssembly
Native extension for WindowsStandalone target not found
Refreshing native plugins compatible for Editor in 0.30 ms, found 2 plugins.
Preloading 0 native plugins for Editor in 0.00 ms.
Mono: successfully reloaded assembly
- Completed reload, in  0.923 seconds
Platform modules already initialized, skipping
========================================================================
Worker process is ready to serve import requests
Launched and connected shader compiler UnityShaderCompiler.exe after 0.05 seconds
Refreshing native plugins compatible for Editor in 0.29 ms, found 2 plugins.
Preloading 0 native plugins for Editor in 0.00 ms.
Unloading 1448 Unused Serialized files (Serialized files now loaded: 0)
System memory in use before: 80.6 MB.
System memory in use after: 80.6 MB.

Unloading 19 unused Assets to reduce memory usage. Loaded Objects now: 1896.
Total: 1.688300 ms (FindLiveObjects: 0.136900 ms CreateObjectMapping: 0.045000 ms MarkObjects: 1.415200 ms  DeleteObjects: 0.090200 ms)

========================================================================
Received Import Request.
  path: Assets/Scripts/Callenge_Script.cs
  artifactKey: Guid(7f8719ac3658e504ab4a70e994d4c4b3) Importer(815301076,1909f56bfc062723c751e8b465ee728b)
Start importing Assets/Scripts/Callenge_Script.cs using Guid(7f8719ac3658e504ab4a70e994d4c4b3) Importer(815301076,1909f56bfc062723c751e8b465ee728b)  -> (artifact id: '51cc79ce3fca4884c823db424b88259d') in 0.029739 seconds
  Import took 0.032220 seconds .

========================================================================
Received Import Request.
  Time since last request: 9.828842 seconds.
  path: Assets/Scripts/Callange_Script.cs
  artifactKey: Guid(7f8719ac3658e504ab4a70e994d4c4b3) Importer(815301076,1909f56bfc062723c751e8b465ee728b)
Start importing Assets/Scripts/Callange_Script.cs using Guid(7f8719ac3658e504ab4a70e994d4c4b3) Importer(815301076,1909f56bfc062723c751e8b465ee728b)  -> (artifact id: '070f408ad85230e38ef5266435de0069') in 0.002700 seconds
  Import took 0.007638 seconds .

========================================================================
Received Prepare
Registering precompiled user dll's ...
Registered in 0.005185 seconds.
Begin MonoManager ReloadAssembly
Native extension for WindowsStandalone target not found
Refreshing native plugins compatible for Editor in 0.37 ms, found 2 plugins.
Preloading 0 native plugins for Editor in 0.00 ms.
Mono: successfully reloaded assembly
- Completed reload, in  1.023 seconds
Platform modules already initialized, skipping
Refreshing native plugins compatible for Editor in 0.28 ms, found 2 plugins.
Preloading 0 native plugins for Editor in 0.00 ms.
Unloading 1430 Unused Serialized files (Serialized files now loaded: 0)
System memory in use before: 79.3 MB.
System memory in use after: 79.4 MB.

Unloading 14 unused Assets to reduce memory usage. Loaded Objects now: 1899.
Total: 1.531900 ms (FindLiveObjects: 0.137800 ms CreateObjectMapping: 0.042800 ms MarkObjects: 1.290200 ms  DeleteObjects: 0.060400 ms)

========================================================================
Received Prepare
Registering precompiled user dll's ...
Registered in 0.004959 seconds.
Begin MonoManager ReloadAssembly
Native extension for WindowsStandalone target not found
Refreshing native plugins compatible for Editor in 0.33 ms, found 2 plugins.
Preloading 0 native plugins for Editor in 0.00 ms.
Mono: successfully reloaded assembly
- Completed reload, in  0.909 seconds
Platform modules already initialized, skipping
Refreshing native plugins compatible for Editor in 0.29 ms, found 2 plugins.
Preloading 0 native plugins for Editor in 0.00 ms.
Unloading 1430 Unused Serialized files (Serialized files now loaded: 0)
System memory in use before: 79.3 MB.
System memory in use after: 79.4 MB.

Unloading 14 unused Assets to reduce memory usage. Loaded Objects now: 1902.
Total: 1.729500 ms (FindLiveObjects: 0.199800 ms CreateObjectMapping: 0.042300 ms MarkObjects: 1.383900 ms  DeleteObjects: 0.102400 ms)

========================================================================
Received Import Request.
  Time since last request: 50.839650 seconds.
  path: Assets/Scripts/Callange_Script.cs
  artifactKey: Guid(7f8719ac3658e504ab4a70e994d4c4b3) Importer(815301076,1909f56bfc062723c751e8b465ee728b)
Start importing Assets/Scripts/Callange_Script.cs using Guid(7f8719ac3658e504ab4a70e994d4c4b3) Importer(815301076,1909f56bfc062723c751e8b465ee728b)  -> (artifact id: '738041673a60dc40e420429f9867ea24') in 0.004196 seconds
  Import took 0.007942 seconds .

========================================================================
Received Prepare
Registering precompiled user dll's ...
Registered in 0.006253 seconds.
Begin MonoManager ReloadAssembly
Native extension for WindowsStandalone target not found
Refreshing native plugins compatible for Editor in 0.45 ms, found 2 plugins.
Preloading 0 native plugins for Editor in 0.00 ms.
Mono: successfully reloaded assembly
- Completed reload, in  1.018 seconds
Platform modules already initialized, skipping
Refreshing native plugins compatible for Editor in 0.30 ms, found 2 plugins.
Preloading 0 native plugins for Editor in 0.00 ms.
Unloading 1430 Unused Serialized files (Serialized files now loaded: 0)
System memory in use before: 79.3 MB.
System memory in use after: 79.4 MB.

Unloading 14 unused Assets to reduce memory usage. Loaded Objects now: 1905.
Total: 1.847500 ms (FindLiveObjects: 0.195000 ms CreateObjectMapping: 0.067600 ms MarkObjects: 1.513000 ms  DeleteObjects: 0.070500 ms)

========================================================================
Received Prepare
Registering precompiled user dll's ...
Registered in 0.005809 seconds.
Begin MonoManager ReloadAssembly
Native extension for WindowsStandalone target not found
Refreshing native plugins compatible for Editor in 0.43 ms, found 2 plugins.
Preloading 0 native plugins for Editor in 0.00 ms.
Mono: successfully reloaded assembly
- Completed reload, in  0.868 seconds
Platform modules already initialized, skipping
Refreshing native plugins compatible for Editor in 0.28 ms, found 2 plugins.
Preloading 0 native plugins for Editor in 0.00 ms.
Unloading 1430 Unused Serialized files (Serialized files now loaded: 0)
System memory in use before: 79.3 MB.
System memory in use after: 79.4 MB.

Unloading 14 unused Assets to reduce memory usage. Loaded Objects now: 1908.
Total: 1.604200 ms (FindLiveObjects: 0.130300 ms CreateObjectMapping: 0.042300 ms MarkObjects: 1.330400 ms  DeleteObjects: 0.100300 ms)

========================================================================
Received Prepare
Registering precompiled user dll's ...
Registered in 0.005397 seconds.
Begin MonoManager ReloadAssembly
Native extension for WindowsStandalone target not found
Refreshing native plugins compatible for Editor in 0.32 ms, found 2 plugins.
Preloading 0 native plugins for Editor in 0.00 ms.
Mono: successfully reloaded assembly
- Completed reload, in  0.859 seconds
Platform modules already initialized, skipping
Refreshing native plugins compatible for Editor in 0.93 ms, found 2 plugins.
Preloading 0 native plugins for Editor in 0.00 ms.
Unloading 1430 Unused Serialized files (Serialized files now loaded: 0)
System memory in use before: 79.3 MB.
System memory in use after: 79.4 MB.

Unloading 14 unused Assets to reduce memory usage. Loaded Objects now: 1911.
Total: 1.564200 ms (FindLiveObjects: 0.136800 ms CreateObjectMapping: 0.043700 ms MarkObjects: 1.320000 ms  DeleteObjects: 0.063000 ms)

========================================================================
Received Import Request.
  Time since last request: 591.843849 seconds.
  path: Assets/Scripts/BuildMenu_Script.cs
  artifactKey: Guid(eaedfbd5922b8054d8b70b167d73193d) Importer(815301076,1909f56bfc062723c751e8b465ee728b)
Start importing Assets/Scripts/BuildMenu_Script.cs using Guid(eaedfbd5922b8054d8b70b167d73193d) Importer(815301076,1909f56bfc062723c751e8b465ee728b)  -> (artifact id: '9ef7ed2196b2028113ce9ee793789dc9') in 0.005388 seconds
  Import took 0.010603 seconds .

========================================================================
Received Prepare
Registering precompiled user dll's ...
Registered in 0.004155 seconds.
Begin MonoManager ReloadAssembly
Native extension for WindowsStandalone target not found
Refreshing native plugins compatible for Editor in 1.29 ms, found 2 plugins.
Preloading 0 native plugins for Editor in 0.00 ms.
Mono: successfully reloaded assembly
- Completed reload, in  0.993 seconds
Platform modules already initialized, skipping
Refreshing native plugins compatible for Editor in 0.57 ms, found 2 plugins.
Preloading 0 native plugins for Editor in 0.00 ms.
Unloading 1431 Unused Serialized files (Serialized files now loaded: 0)
System memory in use before: 79.4 MB.
System memory in use after: 79.4 MB.

Unloading 14 unused Assets to reduce memory usage. Loaded Objects now: 1915.
Total: 1.933400 ms (FindLiveObjects: 0.335800 ms CreateObjectMapping: 0.089200 ms MarkObjects: 1.361000 ms  DeleteObjects: 0.145800 ms)

========================================================================
Received Prepare
Registering precompiled user dll's ...
Registered in 0.004325 seconds.
Begin MonoManager ReloadAssembly
Native extension for WindowsStandalone target not found
Refreshing native plugins compatible for Editor in 0.28 ms, found 2 plugins.
Preloading 0 native plugins for Editor in 0.00 ms.
Mono: successfully reloaded assembly
- Completed reload, in  0.898 seconds
Platform modules already initialized, skipping
Refreshing native plugins compatible for Editor in 0.35 ms, found 2 plugins.
Preloading 0 native plugins for Editor in 0.00 ms.
Unloading 1431 Unused Serialized files (Serialized files now loaded: 0)
System memory in use before: 79.4 MB.
System memory in use after: 79.5 MB.

Unloading 14 unused Assets to reduce memory usage. Loaded Objects now: 1918.
Total: 1.706000 ms (FindLiveObjects: 0.131900 ms CreateObjectMapping: 0.037700 ms MarkObjects: 1.427400 ms  DeleteObjects: 0.108300 ms)

========================================================================
Received Prepare
Registering precompiled user dll's ...
Registered in 0.006741 seconds.
Begin MonoManager ReloadAssembly
Native extension for WindowsStandalone target not found
Refreshing native plugins compatible for Editor in 0.33 ms, found 2 plugins.
Preloading 0 native plugins for Editor in 0.00 ms.
Mono: successfully reloaded assembly
- Completed reload, in  0.952 seconds
Platform modules already initialized, skipping
Refreshing native plugins compatible for Editor in 0.30 ms, found 2 plugins.
Preloading 0 native plugins for Editor in 0.00 ms.
Unloading 1431 Unused Serialized files (Serialized files now loaded: 0)
System memory in use before: 79.4 MB.
System memory in use after: 79.5 MB.

Unloading 14 unused Assets to reduce memory usage. Loaded Objects now: 1921.
Total: 2.051700 ms (FindLiveObjects: 0.145200 ms CreateObjectMapping: 0.067600 ms MarkObjects: 1.744600 ms  DeleteObjects: 0.092800 ms)

========================================================================
Received Prepare
Registering precompiled user dll's ...
Registered in 0.004400 seconds.
Begin MonoManager ReloadAssembly
Native extension for WindowsStandalone target not found
Refreshing native plugins compatible for Editor in 0.28 ms, found 2 plugins.
Preloading 0 native plugins for Editor in 0.00 ms.
Mono: successfully reloaded assembly
- Completed reload, in  0.929 seconds
Platform modules already initialized, skipping
Refreshing native plugins compatible for Editor in 0.29 ms, found 2 plugins.
Preloading 0 native plugins for Editor in 0.00 ms.
Unloading 1431 Unused Serialized files (Serialized files now loaded: 0)
System memory in use before: 79.4 MB.
System memory in use after: 79.5 MB.

Unloading 14 unused Assets to reduce memory usage. Loaded Objects now: 1924.
Total: 2.489300 ms (FindLiveObjects: 0.241700 ms CreateObjectMapping: 0.089300 ms MarkObjects: 2.074800 ms  DeleteObjects: 0.079000 ms)

========================================================================
Received Prepare
Registering precompiled user dll's ...
Registered in 0.004984 seconds.
Begin MonoManager ReloadAssembly
Native extension for WindowsStandalone target not found
Refreshing native plugins compatible for Editor in 0.33 ms, found 2 plugins.
Preloading 0 native plugins for Editor in 0.00 ms.
Mono: successfully reloaded assembly
- Completed reload, in  0.941 seconds
Platform modules already initialized, skipping
Refreshing native plugins compatible for Editor in 0.30 ms, found 2 plugins.
Preloading 0 native plugins for Editor in 0.00 ms.
Unloading 1431 Unused Serialized files (Serialized files now loaded: 0)
System memory in use before: 79.4 MB.
System memory in use after: 79.5 MB.

Unloading 14 unused Assets to reduce memory usage. Loaded Objects now: 1927.
Total: 2.317900 ms (FindLiveObjects: 0.436000 ms CreateObjectMapping: 0.126200 ms MarkObjects: 1.683300 ms  DeleteObjects: 0.070200 ms)

========================================================================
Received Import Request.
  Time since last request: 1617.099986 seconds.
  path: Assets/Scripts/npc_spawner.cs
  artifactKey: Guid(7db8a14a41317774f9a8f4e5fae5edc5) Importer(815301076,1909f56bfc062723c751e8b465ee728b)
Start importing Assets/Scripts/npc_spawner.cs using Guid(7db8a14a41317774f9a8f4e5fae5edc5) Importer(815301076,1909f56bfc062723c751e8b465ee728b)  -> (artifact id: 'f7a9210aae5daa199782e0fbcbe36e47') in 0.004931 seconds
  Import took 0.007790 seconds .

========================================================================
Received Prepare
Registering precompiled user dll's ...
Registered in 0.004493 seconds.
Begin MonoManager ReloadAssembly
Native extension for WindowsStandalone target not found
Refreshing native plugins compatible for Editor in 0.40 ms, found 2 plugins.
Preloading 0 native plugins for Editor in 0.00 ms.
Mono: successfully reloaded assembly
- Completed reload, in  0.916 seconds
Platform modules already initialized, skipping
Refreshing native plugins compatible for Editor in 0.35 ms, found 2 plugins.
Preloading 0 native plugins for Editor in 0.00 ms.
Unloading 1431 Unused Serialized files (Serialized files now loaded: 0)
System memory in use before: 79.4 MB.
System memory in use after: 79.5 MB.

Unloading 14 unused Assets to reduce memory usage. Loaded Objects now: 1930.
Total: 3.088200 ms (FindLiveObjects: 0.288900 ms CreateObjectMapping: 0.087700 ms MarkObjects: 2.568700 ms  DeleteObjects: 0.141700 ms)

========================================================================
Received Prepare
Registering precompiled user dll's ...
Registered in 0.004473 seconds.
Begin MonoManager ReloadAssembly
Native extension for WindowsStandalone target not found
Refreshing native plugins compatible for Editor in 0.32 ms, found 2 plugins.
Preloading 0 native plugins for Editor in 0.00 ms.
Mono: successfully reloaded assembly
- Completed reload, in  0.900 seconds
Platform modules already initialized, skipping
Refreshing native plugins compatible for Editor in 0.30 ms, found 2 plugins.
Preloading 0 native plugins for Editor in 0.00 ms.
Unloading 1431 Unused Serialized files (Serialized files now loaded: 0)
System memory in use before: 79.4 MB.
System memory in use after: 79.5 MB.

Unloading 14 unused Assets to reduce memory usage. Loaded Objects now: 1933.
Total: 2.008600 ms (FindLiveObjects: 0.143800 ms CreateObjectMapping: 0.044700 ms MarkObjects: 1.707400 ms  DeleteObjects: 0.111600 ms)

AssetImportWorkerClient::OnTransportError - code=2 error=End of file
